<?xml version="1.0" encoding="UTF-8"?>
<!-- Generated by org.testng.reporters.JUnitXMLReporter -->
<testsuite ignored="0" hostname="Dorinas-MacBook-Air.local" failures="1" tests="1" name="Dog" time="14.883" errors="0" timestamp="2020-02-23T13:23:14 EST">
  <testcase classname="Berry.Testdata" name="f" time="0.001">
    <failure type="org.testng.internal.reflect.MethodMatcherException" message="
[public void Berry.Testdata.f(java.lang.Integer,java.lang.String)] has no parameters defined but was found to be using a data provider (either explicitly specified or inherited from class level annotation).
Data provider mismatch
Method: f([Parameter{index=0, type=java.lang.Integer, declaredAnnotations=[]}, Parameter{index=1, type=java.lang.String, declaredAnnotations=[]}])
Arguments: [(java.lang.String) dorinajordanov@gmail.com,(java.lang.String) a]">
      <![CDATA[org.testng.internal.reflect.MethodMatcherException: 
[public void Berry.Testdata.f(java.lang.Integer,java.lang.String)] has no parameters defined but was found to be using a data provider (either explicitly specified or inherited from class level annotation).
Data provider mismatch
Method: f([Parameter{index=0, type=java.lang.Integer, declaredAnnotations=[]}, Parameter{index=1, type=java.lang.String, declaredAnnotations=[]}])
Arguments: [(java.lang.String) dorinajordanov@gmail.com,(java.lang.String) a]
at java.base/java.util.ArrayList.forEach(ArrayList.java:1507)
... Removed 22 stack frames]]>
    </failure>
  </testcase> <!-- f -->
</testsuite> <!-- Dog -->
